[0.006s] Invoking command in '/home/lordzeus/turtlebot3_ws/build/turtlebot3_gazebo': CMAKE_PREFIX_PATH=/opt/ros/humble /usr/bin/cmake /home/lordzeus/turtlebot3_ws/src/turtlebot3_simulations/turtlebot3_gazebo -DAMENT_CMAKE_SYMLINK_INSTALL=1 -DCMAKE_INSTALL_PREFIX=/home/lordzeus/turtlebot3_ws/install/turtlebot3_gazebo
[0.086s] -- The C compiler identification is GNU 11.4.0
[0.151s] -- The CXX compiler identification is GNU 11.4.0
[0.158s] -- Detecting C compiler ABI info
[0.203s] -- Detecting C compiler ABI info - done
[0.208s] -- Check for working C compiler: /usr/bin/cc - skipped
[0.208s] -- Detecting C compile features
[0.209s] -- Detecting C compile features - done
[0.211s] -- Detecting CXX compiler ABI info
[0.264s] -- Detecting CXX compiler ABI info - done
[0.269s] -- Check for working CXX compiler: /usr/bin/c++ - skipped
[0.269s] -- Detecting CXX compile features
[0.269s] -- Detecting CXX compile features - done
[0.272s] -- Found ament_cmake: 1.3.10 (/opt/ros/humble/share/ament_cmake/cmake)
[0.375s] -- Found Python3: /usr/bin/python3 (found version "3.10.12") found components: Interpreter 
[0.420s] -- Override CMake install command with custom implementation using symlinks instead of copying resources
[0.456s] [33mCMake Warning (dev) at /usr/share/cmake-3.22/Modules/FindPackageHandleStandardArgs.cmake:438 (message):
[0.456s]   The package name passed to `find_package_handle_standard_args` (PkgConfig)
[0.456s]   does not match the name of the calling package (gazebo).  This can lead to
[0.456s]   problems in calling code that expects `find_package` result variables
[0.456s]   (e.g., `_FOUND`) to follow a certain pattern.
[0.456s] Call Stack (most recent call first):
[0.456s]   /usr/share/cmake-3.22/Modules/FindPkgConfig.cmake:99 (find_package_handle_standard_args)
[0.457s]   /usr/lib/x86_64-linux-gnu/cmake/gazebo/gazebo-config.cmake:72 (include)
[0.457s]   CMakeLists.txt:23 (find_package)
[0.457s] This warning is for project developers.  Use -Wno-dev to suppress it.
[0.457s] [0m
[0.457s] -- Found PkgConfig: /usr/bin/pkg-config (found version "0.29.2") 
[0.459s] -- Checking for module 'bullet>=2.82'
[0.467s] --   Found bullet, version 3.05
[0.529s] -- Found fcl: /usr/include (found suitable version "0.7.0", minimum required is "0.5.0") 
[0.556s] -- Found assimp: /usr/include (found version "5.2.0") 
[0.572s] -- Found DART: /usr/include (Required is at least version "6.6") found components: dart 
[0.689s] -- Found Boost: /usr/lib/x86_64-linux-gnu/cmake/Boost-1.74.0/BoostConfig.cmake (found suitable version "1.74.0", minimum required is "1.40.0") found components: thread system filesystem program_options regex iostreams date_time 
[0.704s] -- Found Protobuf: /usr/lib/x86_64-linux-gnu/libprotobuf.so (found version "3.12.4") 
[0.708s] -- Looking for ignition-math6 -- found version 6.15.1
[0.714s] -- Searching for dependencies of ignition-math6
[0.715s] -- Looking for OGRE...
[0.715s] -- OGRE_PREFIX_WATCH changed.
[0.719s] -- Checking for module 'OGRE'
[0.726s] --   Found OGRE, version 1.9.0
[0.744s] -- Found Ogre Ghadamon (1.9.0)
[0.752s] -- Found OGRE: optimized;/usr/lib/x86_64-linux-gnu/libOgreMain.so;debug;/usr/lib/x86_64-linux-gnu/libOgreMain.so
[0.759s] -- Looking for OGRE_Paging...
[0.764s] -- Found OGRE_Paging: optimized;/usr/lib/x86_64-linux-gnu/libOgrePaging.so;debug;/usr/lib/x86_64-linux-gnu/libOgrePaging.so
[0.764s] -- Looking for OGRE_Terrain...
[0.767s] -- Found OGRE_Terrain: optimized;/usr/lib/x86_64-linux-gnu/libOgreTerrain.so;debug;/usr/lib/x86_64-linux-gnu/libOgreTerrain.so
[0.767s] -- Looking for OGRE_Property...
[0.771s] -- Found OGRE_Property: optimized;/usr/lib/x86_64-linux-gnu/libOgreProperty.so;debug;/usr/lib/x86_64-linux-gnu/libOgreProperty.so
[0.771s] -- Looking for OGRE_RTShaderSystem...
[0.774s] -- Found OGRE_RTShaderSystem: optimized;/usr/lib/x86_64-linux-gnu/libOgreRTShaderSystem.so;debug;/usr/lib/x86_64-linux-gnu/libOgreRTShaderSystem.so
[0.774s] -- Looking for OGRE_Volume...
[0.778s] -- Found OGRE_Volume: optimized;/usr/lib/x86_64-linux-gnu/libOgreVolume.so;debug;/usr/lib/x86_64-linux-gnu/libOgreVolume.so
[0.778s] -- Looking for OGRE_Overlay...
[0.782s] -- Found OGRE_Overlay: optimized;/usr/lib/x86_64-linux-gnu/libOgreOverlay.so;debug;/usr/lib/x86_64-linux-gnu/libOgreOverlay.so
[0.853s] -- Looking for ignition-math6 -- found version 6.15.1
[0.855s] -- Looking for ignition-transport8 -- found version 8.2.1
[0.855s] -- Searching for dependencies of ignition-transport8
[0.866s] -- Found Protobuf: /usr/lib/x86_64-linux-gnu/libprotobuf.so (found suitable version "3.12.4", minimum required is "3") 
[0.873s] -- Config-file not installed for ZeroMQ -- checking for pkg-config
[0.876s] -- Checking for module 'libzmq >= 4'
[0.885s] --   Found libzmq , version 4.3.4
[0.905s] -- Found ZeroMQ: TRUE (Required is at least version "4") 
[0.909s] -- Checking for module 'uuid'
[0.916s] --   Found uuid, version 2.37.2
[0.935s] -- Found UUID: TRUE  
[0.937s] -- Looking for ignition-msgs5 -- found version 5.8.1
[0.937s] -- Searching for dependencies of ignition-msgs5
[0.950s] -- Looking for ignition-math6 -- found version 6.15.1
[0.954s] -- Checking for module 'tinyxml2'
[0.961s] --   Found tinyxml2, version 9.0.0
[0.981s] -- Looking for ignition-msgs5 -- found version 5.8.1
[0.983s] -- Looking for ignition-common3 -- found version 3.14.0
[0.983s] -- Searching for dependencies of ignition-common3
[0.983s] -- Looking for dlfcn.h - found
[0.984s] -- Looking for libdl - found
[0.985s] -- Found DL: TRUE  
[0.993s] -- Found tinyobjloader: /usr/lib/x86_64-linux-gnu/cmake/tinyobjloader/tinyobjloader-config.cmake (found version "2.0.0") 
[0.994s] -- Searching for <ignition-common3> component [graphics]
[0.995s] -- Looking for ignition-common3-graphics -- found version 3.14.0
[0.996s] -- Searching for dependencies of ignition-common3-graphics
[0.996s] -- Looking for ignition-math6 -- found version 6.15.1
[0.998s] -- Looking for ignition-fuel_tools4 -- found version 4.4.0
[0.998s] -- Searching for dependencies of ignition-fuel_tools4
[1.046s] -- Found CURL: /usr/lib/x86_64-linux-gnu/libcurl.so (found version "7.81.0")  
[1.052s] -- Checking for module 'jsoncpp'
[1.059s] --   Found jsoncpp, version 1.9.5
[1.078s] -- Found JSONCPP: TRUE  
[1.082s] -- Checking for module 'libzip'
[1.089s] --   Found libzip, version 1.7.3
[1.107s] -- Found ZIP: TRUE  
[1.108s] -- Looking for ignition-common3 -- found version 3.14.0
[1.108s] -- Looking for ignition-math6 -- found version 6.15.1
[1.108s] -- Looking for ignition-msgs5 -- found version 5.8.1
[1.112s] -- Found gazebo_ros_pkgs: 3.7.0 (/opt/ros/humble/share/gazebo_ros_pkgs/cmake)
[1.113s] -- Found geometry_msgs: 4.2.4 (/opt/ros/humble/share/geometry_msgs/cmake)
[1.133s] -- Found rosidl_generator_c: 3.1.5 (/opt/ros/humble/share/rosidl_generator_c/cmake)
[1.136s] -- Found rosidl_adapter: 3.1.5 (/opt/ros/humble/share/rosidl_adapter/cmake)
[1.142s] -- Found rosidl_generator_cpp: 3.1.5 (/opt/ros/humble/share/rosidl_generator_cpp/cmake)
[1.149s] -- Using all available rosidl_typesupport_c: rosidl_typesupport_fastrtps_c;rosidl_typesupport_introspection_c
[1.160s] -- Using all available rosidl_typesupport_cpp: rosidl_typesupport_fastrtps_cpp;rosidl_typesupport_introspection_cpp
[1.185s] -- Found nav_msgs: 4.2.4 (/opt/ros/humble/share/nav_msgs/cmake)
[1.197s] -- Found rclcpp: 16.0.10 (/opt/ros/humble/share/rclcpp/cmake)
[1.220s] -- Found rmw_implementation_cmake: 6.1.2 (/opt/ros/humble/share/rmw_implementation_cmake/cmake)
[1.222s] -- Found rmw_fastrtps_cpp: 6.2.7 (/opt/ros/humble/share/rmw_fastrtps_cpp/cmake)
[1.279s] -- Found OpenSSL: /usr/lib/x86_64-linux-gnu/libcrypto.so (found version "3.0.2")  
[1.296s] -- Found FastRTPS: /opt/ros/humble/include  
[1.326s] -- Using RMW implementation 'rmw_fastrtps_cpp' as default
[1.332s] -- Found Threads: TRUE  
[1.357s] -- Found sensor_msgs: 4.2.4 (/opt/ros/humble/share/sensor_msgs/cmake)
[1.368s] -- Found tf2: 0.25.8 (/opt/ros/humble/share/tf2/cmake)
[1.419s] -- Configuring done
[1.439s] -- Generating done
[1.440s] -- Build files have been written to: /home/lordzeus/turtlebot3_ws/build/turtlebot3_gazebo
[1.450s] Invoked command in '/home/lordzeus/turtlebot3_ws/build/turtlebot3_gazebo' returned '0': CMAKE_PREFIX_PATH=/opt/ros/humble /usr/bin/cmake /home/lordzeus/turtlebot3_ws/src/turtlebot3_simulations/turtlebot3_gazebo -DAMENT_CMAKE_SYMLINK_INSTALL=1 -DCMAKE_INSTALL_PREFIX=/home/lordzeus/turtlebot3_ws/install/turtlebot3_gazebo
[1.451s] Invoking command in '/home/lordzeus/turtlebot3_ws/build/turtlebot3_gazebo': CMAKE_PREFIX_PATH=/opt/ros/humble /usr/bin/cmake --build /home/lordzeus/turtlebot3_ws/build/turtlebot3_gazebo -- -j12 -l12
[1.484s] [ 50%] [32mBuilding CXX object CMakeFiles/obstacles.dir/models/turtlebot3_dqn_world/obstacle_plugin/obstacles.cc.o[0m
[1.484s] [ 50%] [32mBuilding CXX object CMakeFiles/obstacle1.dir/models/turtlebot3_dqn_world/obstacle_plugin/obstacle1.cc.o[0m
[1.484s] [ 50%] [32mBuilding CXX object CMakeFiles/turtlebot3_drive.dir/src/turtlebot3_drive.cpp.o[0m
[1.484s] [ 50%] [32mBuilding CXX object CMakeFiles/obstacle2.dir/models/turtlebot3_dqn_world/obstacle_plugin/obstacle2.cc.o[0m
[10.069s] [ 62%] [32m[1mLinking CXX executable turtlebot3_drive[0m
[10.141s] [ 75%] [32m[1mLinking CXX shared library libobstacle1.so[0m
[10.161s] [ 87%] [32m[1mLinking CXX shared library libobstacle2.so[0m
[10.294s] [100%] [32m[1mLinking CXX shared library libobstacles.so[0m
[10.333s] [100%] Built target obstacle1
[10.348s] [100%] Built target obstacle2
[10.450s] [100%] Built target obstacles
[10.524s] [100%] Built target turtlebot3_drive
[10.532s] Invoked command in '/home/lordzeus/turtlebot3_ws/build/turtlebot3_gazebo' returned '0': CMAKE_PREFIX_PATH=/opt/ros/humble /usr/bin/cmake --build /home/lordzeus/turtlebot3_ws/build/turtlebot3_gazebo -- -j12 -l12
[10.553s] Invoking command in '/home/lordzeus/turtlebot3_ws/build/turtlebot3_gazebo': CMAKE_PREFIX_PATH=/opt/ros/humble /usr/bin/cmake --install /home/lordzeus/turtlebot3_ws/build/turtlebot3_gazebo
[10.558s] -- Install configuration: ""
[10.558s] -- Execute custom install script
[10.559s] -- Symlinking: /home/lordzeus/turtlebot3_ws/install/turtlebot3_gazebo/lib/turtlebot3_gazebo/turtlebot3_drive
[10.564s] -- Symlinking: /home/lordzeus/turtlebot3_ws/install/turtlebot3_gazebo/share/turtlebot3_gazebo//launch/empty_world.launch.py
[10.569s] -- Symlinking: /home/lordzeus/turtlebot3_ws/install/turtlebot3_gazebo/share/turtlebot3_gazebo//launch/robot_state_publisher.launch.py
[10.574s] -- Symlinking: /home/lordzeus/turtlebot3_ws/install/turtlebot3_gazebo/share/turtlebot3_gazebo//launch/spawn_turtlebot3.launch.py
[10.579s] -- Symlinking: /home/lordzeus/turtlebot3_ws/install/turtlebot3_gazebo/share/turtlebot3_gazebo//launch/turtlebot3_dqn_stage1.launch.py
[10.584s] -- Symlinking: /home/lordzeus/turtlebot3_ws/install/turtlebot3_gazebo/share/turtlebot3_gazebo//launch/turtlebot3_dqn_stage2.launch.py
[10.589s] -- Symlinking: /home/lordzeus/turtlebot3_ws/install/turtlebot3_gazebo/share/turtlebot3_gazebo//launch/turtlebot3_dqn_stage3.launch.py
[10.594s] -- Symlinking: /home/lordzeus/turtlebot3_ws/install/turtlebot3_gazebo/share/turtlebot3_gazebo//launch/turtlebot3_dqn_stage4.launch.py
[10.599s] -- Symlinking: /home/lordzeus/turtlebot3_ws/install/turtlebot3_gazebo/share/turtlebot3_gazebo//launch/turtlebot3_house.launch.py
[10.604s] -- Symlinking: /home/lordzeus/turtlebot3_ws/install/turtlebot3_gazebo/share/turtlebot3_gazebo//launch/turtlebot3_world.launch.py
[10.610s] -- Symlinking: /home/lordzeus/turtlebot3_ws/install/turtlebot3_gazebo/share/turtlebot3_gazebo//models/turtlebot3_burger/model-1_4.sdf
[10.615s] -- Symlinking: /home/lordzeus/turtlebot3_ws/install/turtlebot3_gazebo/share/turtlebot3_gazebo//models/turtlebot3_burger/model.config
[10.620s] -- Symlinking: /home/lordzeus/turtlebot3_ws/install/turtlebot3_gazebo/share/turtlebot3_gazebo//models/turtlebot3_burger/model.sdf
[10.625s] -- Symlinking: /home/lordzeus/turtlebot3_ws/install/turtlebot3_gazebo/share/turtlebot3_gazebo//models/turtlebot3_common/meshes/burger_base.dae
[10.630s] -- Symlinking: /home/lordzeus/turtlebot3_ws/install/turtlebot3_gazebo/share/turtlebot3_gazebo//models/turtlebot3_common/meshes/lds.dae
[10.635s] -- Symlinking: /home/lordzeus/turtlebot3_ws/install/turtlebot3_gazebo/share/turtlebot3_gazebo//models/turtlebot3_common/meshes/r200.dae
[10.640s] -- Symlinking: /home/lordzeus/turtlebot3_ws/install/turtlebot3_gazebo/share/turtlebot3_gazebo//models/turtlebot3_common/meshes/tire.dae
[10.645s] -- Symlinking: /home/lordzeus/turtlebot3_ws/install/turtlebot3_gazebo/share/turtlebot3_gazebo//models/turtlebot3_common/meshes/waffle_base.dae
[10.650s] -- Symlinking: /home/lordzeus/turtlebot3_ws/install/turtlebot3_gazebo/share/turtlebot3_gazebo//models/turtlebot3_common/meshes/waffle_pi_base.dae
[10.656s] -- Symlinking: /home/lordzeus/turtlebot3_ws/install/turtlebot3_gazebo/share/turtlebot3_gazebo//models/turtlebot3_common/model.config
[10.661s] -- Symlinking: /home/lordzeus/turtlebot3_ws/install/turtlebot3_gazebo/share/turtlebot3_gazebo//models/turtlebot3_dqn_world/goal_box/model.config
[10.666s] -- Symlinking: /home/lordzeus/turtlebot3_ws/install/turtlebot3_gazebo/share/turtlebot3_gazebo//models/turtlebot3_dqn_world/goal_box/model.sdf
[10.671s] -- Symlinking: /home/lordzeus/turtlebot3_ws/install/turtlebot3_gazebo/share/turtlebot3_gazebo//models/turtlebot3_dqn_world/inner_walls/model.config
[10.676s] -- Symlinking: /home/lordzeus/turtlebot3_ws/install/turtlebot3_gazebo/share/turtlebot3_gazebo//models/turtlebot3_dqn_world/inner_walls/model.sdf
[10.681s] -- Symlinking: /home/lordzeus/turtlebot3_ws/install/turtlebot3_gazebo/share/turtlebot3_gazebo//models/turtlebot3_dqn_world/model.config
[10.685s] -- Symlinking: /home/lordzeus/turtlebot3_ws/install/turtlebot3_gazebo/share/turtlebot3_gazebo//models/turtlebot3_dqn_world/model.sdf
[10.691s] -- Symlinking: /home/lordzeus/turtlebot3_ws/install/turtlebot3_gazebo/share/turtlebot3_gazebo//models/turtlebot3_dqn_world/obstacle1/model.config
[10.696s] -- Symlinking: /home/lordzeus/turtlebot3_ws/install/turtlebot3_gazebo/share/turtlebot3_gazebo//models/turtlebot3_dqn_world/obstacle1/model.sdf
[10.701s] -- Symlinking: /home/lordzeus/turtlebot3_ws/install/turtlebot3_gazebo/share/turtlebot3_gazebo//models/turtlebot3_dqn_world/obstacle2/model.config
[10.706s] -- Symlinking: /home/lordzeus/turtlebot3_ws/install/turtlebot3_gazebo/share/turtlebot3_gazebo//models/turtlebot3_dqn_world/obstacle2/model.sdf
[10.711s] -- Symlinking: /home/lordzeus/turtlebot3_ws/install/turtlebot3_gazebo/share/turtlebot3_gazebo//models/turtlebot3_dqn_world/obstacle_plugin/CMakeLists.txt
[10.716s] -- Symlinking: /home/lordzeus/turtlebot3_ws/install/turtlebot3_gazebo/share/turtlebot3_gazebo//models/turtlebot3_dqn_world/obstacle_plugin/obstacle1.cc
[10.721s] -- Symlinking: /home/lordzeus/turtlebot3_ws/install/turtlebot3_gazebo/share/turtlebot3_gazebo//models/turtlebot3_dqn_world/obstacle_plugin/obstacle2.cc
[10.726s] -- Symlinking: /home/lordzeus/turtlebot3_ws/install/turtlebot3_gazebo/share/turtlebot3_gazebo//models/turtlebot3_dqn_world/obstacle_plugin/obstacles.cc
[10.731s] -- Symlinking: /home/lordzeus/turtlebot3_ws/install/turtlebot3_gazebo/share/turtlebot3_gazebo//models/turtlebot3_dqn_world/obstacles/model.config
[10.736s] -- Symlinking: /home/lordzeus/turtlebot3_ws/install/turtlebot3_gazebo/share/turtlebot3_gazebo//models/turtlebot3_dqn_world/obstacles/model.sdf
[10.744s] -- Symlinking: /home/lordzeus/turtlebot3_ws/install/turtlebot3_gazebo/share/turtlebot3_gazebo//models/turtlebot3_house/model.config
[10.749s] -- Symlinking: /home/lordzeus/turtlebot3_ws/install/turtlebot3_gazebo/share/turtlebot3_gazebo//models/turtlebot3_house/model.sdf
[10.754s] -- Symlinking: /home/lordzeus/turtlebot3_ws/install/turtlebot3_gazebo/share/turtlebot3_gazebo//models/turtlebot3_waffle/model-1_4.sdf
[10.760s] -- Symlinking: /home/lordzeus/turtlebot3_ws/install/turtlebot3_gazebo/share/turtlebot3_gazebo//models/turtlebot3_waffle/model.config
[10.765s] -- Symlinking: /home/lordzeus/turtlebot3_ws/install/turtlebot3_gazebo/share/turtlebot3_gazebo//models/turtlebot3_waffle/model.sdf
[10.769s] -- Symlinking: /home/lordzeus/turtlebot3_ws/install/turtlebot3_gazebo/share/turtlebot3_gazebo//models/turtlebot3_waffle_pi/model-1_4_.sdf
[10.774s] -- Symlinking: /home/lordzeus/turtlebot3_ws/install/turtlebot3_gazebo/share/turtlebot3_gazebo//models/turtlebot3_waffle_pi/model.config
[10.779s] -- Symlinking: /home/lordzeus/turtlebot3_ws/install/turtlebot3_gazebo/share/turtlebot3_gazebo//models/turtlebot3_waffle_pi/model.sdf
[10.784s] -- Symlinking: /home/lordzeus/turtlebot3_ws/install/turtlebot3_gazebo/share/turtlebot3_gazebo//models/turtlebot3_world/meshes/hexagon.dae
[10.789s] -- Symlinking: /home/lordzeus/turtlebot3_ws/install/turtlebot3_gazebo/share/turtlebot3_gazebo//models/turtlebot3_world/meshes/wall.dae
[10.794s] -- Symlinking: /home/lordzeus/turtlebot3_ws/install/turtlebot3_gazebo/share/turtlebot3_gazebo//models/turtlebot3_world/model-1_4.sdf
[10.799s] -- Symlinking: /home/lordzeus/turtlebot3_ws/install/turtlebot3_gazebo/share/turtlebot3_gazebo//models/turtlebot3_world/model.config
[10.804s] -- Symlinking: /home/lordzeus/turtlebot3_ws/install/turtlebot3_gazebo/share/turtlebot3_gazebo//models/turtlebot3_world/model.sdf
[10.809s] -- Symlinking: /home/lordzeus/turtlebot3_ws/install/turtlebot3_gazebo/share/turtlebot3_gazebo//rviz/tb3_gazebo.rviz
[10.814s] -- Symlinking: /home/lordzeus/turtlebot3_ws/install/turtlebot3_gazebo/share/turtlebot3_gazebo//urdf/common_properties.urdf
[10.820s] -- Symlinking: /home/lordzeus/turtlebot3_ws/install/turtlebot3_gazebo/share/turtlebot3_gazebo//urdf/turtlebot3_burger.urdf
[10.824s] -- Symlinking: /home/lordzeus/turtlebot3_ws/install/turtlebot3_gazebo/share/turtlebot3_gazebo//urdf/turtlebot3_waffle.urdf
[10.829s] -- Symlinking: /home/lordzeus/turtlebot3_ws/install/turtlebot3_gazebo/share/turtlebot3_gazebo//urdf/turtlebot3_waffle_pi.urdf
[10.834s] -- Symlinking: /home/lordzeus/turtlebot3_ws/install/turtlebot3_gazebo/share/turtlebot3_gazebo//worlds/empty_world.world
[10.839s] -- Symlinking: /home/lordzeus/turtlebot3_ws/install/turtlebot3_gazebo/share/turtlebot3_gazebo//worlds/turtlebot3_dqn_stage1.world
[10.844s] -- Symlinking: /home/lordzeus/turtlebot3_ws/install/turtlebot3_gazebo/share/turtlebot3_gazebo//worlds/turtlebot3_dqn_stage2.world
[10.849s] -- Symlinking: /home/lordzeus/turtlebot3_ws/install/turtlebot3_gazebo/share/turtlebot3_gazebo//worlds/turtlebot3_dqn_stage3.world
[10.854s] -- Symlinking: /home/lordzeus/turtlebot3_ws/install/turtlebot3_gazebo/share/turtlebot3_gazebo//worlds/turtlebot3_dqn_stage4.world
[10.860s] -- Symlinking: /home/lordzeus/turtlebot3_ws/install/turtlebot3_gazebo/share/turtlebot3_gazebo//worlds/turtlebot3_house.world
[10.864s] -- Symlinking: /home/lordzeus/turtlebot3_ws/install/turtlebot3_gazebo/share/turtlebot3_gazebo//worlds/turtlebot3_world.world
[10.870s] -- Symlinking: /home/lordzeus/turtlebot3_ws/install/turtlebot3_gazebo/include//turtlebot3_gazebo/turtlebot3_drive.hpp
[10.875s] -- Symlinking: /home/lordzeus/turtlebot3_ws/install/turtlebot3_gazebo/share/ament_index/resource_index/package_run_dependencies/turtlebot3_gazebo
[10.880s] -- Symlinking: /home/lordzeus/turtlebot3_ws/install/turtlebot3_gazebo/share/ament_index/resource_index/parent_prefix_path/turtlebot3_gazebo
[10.885s] -- Symlinking: /home/lordzeus/turtlebot3_ws/install/turtlebot3_gazebo/share/turtlebot3_gazebo/environment/ament_prefix_path.sh
[10.890s] -- Symlinking: /home/lordzeus/turtlebot3_ws/install/turtlebot3_gazebo/share/turtlebot3_gazebo/environment/ament_prefix_path.dsv
[10.894s] -- Symlinking: /home/lordzeus/turtlebot3_ws/install/turtlebot3_gazebo/share/turtlebot3_gazebo/environment/path.sh
[10.900s] -- Symlinking: /home/lordzeus/turtlebot3_ws/install/turtlebot3_gazebo/share/turtlebot3_gazebo/environment/path.dsv
[10.905s] -- Symlinking: /home/lordzeus/turtlebot3_ws/install/turtlebot3_gazebo/share/turtlebot3_gazebo/local_setup.bash
[10.909s] -- Symlinking: /home/lordzeus/turtlebot3_ws/install/turtlebot3_gazebo/share/turtlebot3_gazebo/local_setup.sh
[10.914s] -- Symlinking: /home/lordzeus/turtlebot3_ws/install/turtlebot3_gazebo/share/turtlebot3_gazebo/local_setup.zsh
[10.920s] -- Symlinking: /home/lordzeus/turtlebot3_ws/install/turtlebot3_gazebo/share/turtlebot3_gazebo/local_setup.dsv
[10.925s] -- Symlinking: /home/lordzeus/turtlebot3_ws/install/turtlebot3_gazebo/share/turtlebot3_gazebo/package.dsv
[10.930s] -- Symlinking: /home/lordzeus/turtlebot3_ws/install/turtlebot3_gazebo/share/ament_index/resource_index/packages/turtlebot3_gazebo
[10.935s] -- Symlinking: /home/lordzeus/turtlebot3_ws/install/turtlebot3_gazebo/share/turtlebot3_gazebo/cmake/ament_cmake_export_include_directories-extras.cmake
[10.940s] -- Symlinking: /home/lordzeus/turtlebot3_ws/install/turtlebot3_gazebo/share/turtlebot3_gazebo/cmake/ament_cmake_export_dependencies-extras.cmake
[10.945s] -- Symlinking: /home/lordzeus/turtlebot3_ws/install/turtlebot3_gazebo/share/turtlebot3_gazebo/cmake/turtlebot3_gazeboConfig.cmake
[10.950s] -- Symlinking: /home/lordzeus/turtlebot3_ws/install/turtlebot3_gazebo/share/turtlebot3_gazebo/cmake/turtlebot3_gazeboConfig-version.cmake
[10.956s] -- Symlinking: /home/lordzeus/turtlebot3_ws/install/turtlebot3_gazebo/share/turtlebot3_gazebo/package.xml
[10.962s] Invoked command in '/home/lordzeus/turtlebot3_ws/build/turtlebot3_gazebo' returned '0': CMAKE_PREFIX_PATH=/opt/ros/humble /usr/bin/cmake --install /home/lordzeus/turtlebot3_ws/build/turtlebot3_gazebo
