[0.005s] Invoking command in '/home/lordzeus/turtlebot3_ws/build/turtlebot3_simulations': AMENT_PREFIX_PATH=/home/lordzeus/turtlebot3_ws/install/turtlebot3_gazebo:/home/lordzeus/turtlebot3_ws/install/turtlebot3_fake_node:${AMENT_PREFIX_PATH} CMAKE_PREFIX_PATH=/home/lordzeus/turtlebot3_ws/install/turtlebot3_gazebo:/home/lordzeus/turtlebot3_ws/install/turtlebot3_fake_node:/opt/ros/humble /usr/bin/cmake /home/lordzeus/turtlebot3_ws/src/turtlebot3_simulations/turtlebot3_simulations -DAMENT_CMAKE_SYMLINK_INSTALL=1 -DCMAKE_INSTALL_PREFIX=/home/lordzeus/turtlebot3_ws/install/turtlebot3_simulations
[0.039s] -- The C compiler identification is GNU 11.4.0
[0.074s] -- The CXX compiler identification is GNU 11.4.0
[0.078s] -- Detecting C compiler ABI info
[0.120s] -- Detecting C compiler ABI info - done
[0.125s] -- Check for working C compiler: /usr/bin/cc - skipped
[0.125s] -- Detecting C compile features
[0.125s] -- Detecting C compile features - done
[0.127s] -- Detecting CXX compiler ABI info
[0.177s] -- Detecting CXX compiler ABI info - done
[0.182s] -- Check for working CXX compiler: /usr/bin/c++ - skipped
[0.182s] -- Detecting CXX compile features
[0.183s] -- Detecting CXX compile features - done
[0.184s] -- Found ament_cmake: 1.3.10 (/opt/ros/humble/share/ament_cmake/cmake)
[0.281s] -- Found Python3: /usr/bin/python3 (found version "3.10.12") found components: Interpreter 
[0.318s] -- Override CMake install command with custom implementation using symlinks instead of copying resources
[0.375s] -- Configuring done
[0.376s] -- Generating done
[0.377s] -- Build files have been written to: /home/lordzeus/turtlebot3_ws/build/turtlebot3_simulations
[0.380s] Invoked command in '/home/lordzeus/turtlebot3_ws/build/turtlebot3_simulations' returned '0': AMENT_PREFIX_PATH=/home/lordzeus/turtlebot3_ws/install/turtlebot3_gazebo:/home/lordzeus/turtlebot3_ws/install/turtlebot3_fake_node:${AMENT_PREFIX_PATH} CMAKE_PREFIX_PATH=/home/lordzeus/turtlebot3_ws/install/turtlebot3_gazebo:/home/lordzeus/turtlebot3_ws/install/turtlebot3_fake_node:/opt/ros/humble /usr/bin/cmake /home/lordzeus/turtlebot3_ws/src/turtlebot3_simulations/turtlebot3_simulations -DAMENT_CMAKE_SYMLINK_INSTALL=1 -DCMAKE_INSTALL_PREFIX=/home/lordzeus/turtlebot3_ws/install/turtlebot3_simulations
[0.380s] Invoking command in '/home/lordzeus/turtlebot3_ws/build/turtlebot3_simulations': AMENT_PREFIX_PATH=/home/lordzeus/turtlebot3_ws/install/turtlebot3_gazebo:/home/lordzeus/turtlebot3_ws/install/turtlebot3_fake_node:${AMENT_PREFIX_PATH} CMAKE_PREFIX_PATH=/home/lordzeus/turtlebot3_ws/install/turtlebot3_gazebo:/home/lordzeus/turtlebot3_ws/install/turtlebot3_fake_node:/opt/ros/humble /usr/bin/cmake --build /home/lordzeus/turtlebot3_ws/build/turtlebot3_simulations -- -j12 -l12
[0.404s] Invoked command in '/home/lordzeus/turtlebot3_ws/build/turtlebot3_simulations' returned '0': AMENT_PREFIX_PATH=/home/lordzeus/turtlebot3_ws/install/turtlebot3_gazebo:/home/lordzeus/turtlebot3_ws/install/turtlebot3_fake_node:${AMENT_PREFIX_PATH} CMAKE_PREFIX_PATH=/home/lordzeus/turtlebot3_ws/install/turtlebot3_gazebo:/home/lordzeus/turtlebot3_ws/install/turtlebot3_fake_node:/opt/ros/humble /usr/bin/cmake --build /home/lordzeus/turtlebot3_ws/build/turtlebot3_simulations -- -j12 -l12
[0.422s] Invoking command in '/home/lordzeus/turtlebot3_ws/build/turtlebot3_simulations': AMENT_PREFIX_PATH=/home/lordzeus/turtlebot3_ws/install/turtlebot3_gazebo:/home/lordzeus/turtlebot3_ws/install/turtlebot3_fake_node:${AMENT_PREFIX_PATH} CMAKE_PREFIX_PATH=/home/lordzeus/turtlebot3_ws/install/turtlebot3_gazebo:/home/lordzeus/turtlebot3_ws/install/turtlebot3_fake_node:/opt/ros/humble /usr/bin/cmake --install /home/lordzeus/turtlebot3_ws/build/turtlebot3_simulations
[0.427s] -- Install configuration: ""
[0.427s] -- Execute custom install script
[0.427s] -- Symlinking: /home/lordzeus/turtlebot3_ws/install/turtlebot3_simulations/share/ament_index/resource_index/package_run_dependencies/turtlebot3_simulations
[0.435s] -- Symlinking: /home/lordzeus/turtlebot3_ws/install/turtlebot3_simulations/share/ament_index/resource_index/parent_prefix_path/turtlebot3_simulations
[0.444s] -- Symlinking: /home/lordzeus/turtlebot3_ws/install/turtlebot3_simulations/share/turtlebot3_simulations/environment/ament_prefix_path.sh
[0.449s] -- Symlinking: /home/lordzeus/turtlebot3_ws/install/turtlebot3_simulations/share/turtlebot3_simulations/environment/ament_prefix_path.dsv
[0.455s] -- Symlinking: /home/lordzeus/turtlebot3_ws/install/turtlebot3_simulations/share/turtlebot3_simulations/environment/path.sh
[0.460s] -- Symlinking: /home/lordzeus/turtlebot3_ws/install/turtlebot3_simulations/share/turtlebot3_simulations/environment/path.dsv
[0.466s] -- Symlinking: /home/lordzeus/turtlebot3_ws/install/turtlebot3_simulations/share/turtlebot3_simulations/local_setup.bash
[0.471s] -- Symlinking: /home/lordzeus/turtlebot3_ws/install/turtlebot3_simulations/share/turtlebot3_simulations/local_setup.sh
[0.476s] -- Symlinking: /home/lordzeus/turtlebot3_ws/install/turtlebot3_simulations/share/turtlebot3_simulations/local_setup.zsh
[0.481s] -- Symlinking: /home/lordzeus/turtlebot3_ws/install/turtlebot3_simulations/share/turtlebot3_simulations/local_setup.dsv
[0.486s] -- Symlinking: /home/lordzeus/turtlebot3_ws/install/turtlebot3_simulations/share/turtlebot3_simulations/package.dsv
[0.491s] -- Symlinking: /home/lordzeus/turtlebot3_ws/install/turtlebot3_simulations/share/ament_index/resource_index/packages/turtlebot3_simulations
[0.496s] -- Symlinking: /home/lordzeus/turtlebot3_ws/install/turtlebot3_simulations/share/turtlebot3_simulations/cmake/turtlebot3_simulationsConfig.cmake
[0.501s] -- Symlinking: /home/lordzeus/turtlebot3_ws/install/turtlebot3_simulations/share/turtlebot3_simulations/cmake/turtlebot3_simulationsConfig-version.cmake
[0.506s] -- Symlinking: /home/lordzeus/turtlebot3_ws/install/turtlebot3_simulations/share/turtlebot3_simulations/package.xml
[0.512s] Invoked command in '/home/lordzeus/turtlebot3_ws/build/turtlebot3_simulations' returned '0': AMENT_PREFIX_PATH=/home/lordzeus/turtlebot3_ws/install/turtlebot3_gazebo:/home/lordzeus/turtlebot3_ws/install/turtlebot3_fake_node:${AMENT_PREFIX_PATH} CMAKE_PREFIX_PATH=/home/lordzeus/turtlebot3_ws/install/turtlebot3_gazebo:/home/lordzeus/turtlebot3_ws/install/turtlebot3_fake_node:/opt/ros/humble /usr/bin/cmake --install /home/lordzeus/turtlebot3_ws/build/turtlebot3_simulations
