[0.063s] DEBUG:colcon:Command line arguments: ['/usr/bin/colcon', 'build', '--symlink-install']
[0.063s] DEBUG:colcon:Parsed command line arguments: Namespace(log_base=None, log_level=None, verb_name='build', build_base='build', install_base='install', merge_install=False, symlink_install=True, test_result_base=None, continue_on_error=False, executor='parallel', parallel_workers=12, event_handlers=None, ignore_user_meta=False, metas=['./colcon.meta'], base_paths=['.'], packages_ignore=None, packages_ignore_regex=None, paths=None, packages_up_to=None, packages_up_to_regex=None, packages_above=None, packages_above_and_dependencies=None, packages_above_depth=None, packages_select_by_dep=None, packages_skip_by_dep=None, packages_skip_up_to=None, packages_select_build_failed=False, packages_skip_build_finished=False, packages_select_test_failures=False, packages_skip_test_passed=False, packages_select=None, packages_skip=None, packages_select_regex=None, packages_skip_regex=None, packages_start=None, packages_end=None, allow_overriding=[], cmake_args=None, cmake_target=None, cmake_target_skip_unavailable=False, cmake_clean_cache=False, cmake_clean_first=False, cmake_force_configure=False, ament_cmake_args=None, catkin_cmake_args=None, catkin_skip_building_tests=False, verb_parser=<colcon_defaults.argument_parser.defaults.DefaultArgumentsDecorator object at 0x70de4f24d8a0>, verb_extension=<colcon_core.verb.build.BuildVerb object at 0x70de4f34a440>, main=<bound method BuildVerb.main of <colcon_core.verb.build.BuildVerb object at 0x70de4f34a440>>)
[0.164s] Level 1:colcon.colcon_core.package_discovery:discover_packages(colcon_meta) check parameters
[0.164s] Level 1:colcon.colcon_core.package_discovery:discover_packages(recursive) check parameters
[0.164s] Level 1:colcon.colcon_core.package_discovery:discover_packages(ignore) check parameters
[0.164s] Level 1:colcon.colcon_core.package_discovery:discover_packages(path) check parameters
[0.164s] Level 1:colcon.colcon_core.package_discovery:discover_packages(colcon_meta) discover
[0.164s] Level 1:colcon.colcon_core.package_discovery:discover_packages(recursive) discover
[0.164s] INFO:colcon.colcon_core.package_discovery:Crawling recursively for packages in '/home/lordzeus/turtlebot3_ws'
[0.164s] Level 1:colcon.colcon_core.package_identification:_identify(.) by extensions ['ignore', 'ignore_ament_install']
[0.164s] Level 1:colcon.colcon_core.package_identification:_identify(.) by extension 'ignore'
[0.164s] Level 1:colcon.colcon_core.package_identification:_identify(.) by extension 'ignore_ament_install'
[0.164s] Level 1:colcon.colcon_core.package_identification:_identify(.) by extensions ['colcon_pkg']
[0.164s] Level 1:colcon.colcon_core.package_identification:_identify(.) by extension 'colcon_pkg'
[0.164s] Level 1:colcon.colcon_core.package_identification:_identify(.) by extensions ['colcon_meta']
[0.164s] Level 1:colcon.colcon_core.package_identification:_identify(.) by extension 'colcon_meta'
[0.165s] Level 1:colcon.colcon_core.package_identification:_identify(.) by extensions ['ros']
[0.165s] Level 1:colcon.colcon_core.package_identification:_identify(.) by extension 'ros'
[0.172s] Level 1:colcon.colcon_core.package_identification:_identify(.) by extensions ['cmake', 'python']
[0.172s] Level 1:colcon.colcon_core.package_identification:_identify(.) by extension 'cmake'
[0.172s] Level 1:colcon.colcon_core.package_identification:_identify(.) by extension 'python'
[0.172s] Level 1:colcon.colcon_core.package_identification:_identify(.) by extensions ['python_setup_py']
[0.172s] Level 1:colcon.colcon_core.package_identification:_identify(.) by extension 'python_setup_py'
[0.172s] Level 1:colcon.colcon_core.package_identification:_identify(build) by extensions ['ignore', 'ignore_ament_install']
[0.172s] Level 1:colcon.colcon_core.package_identification:_identify(build) by extension 'ignore'
[0.172s] Level 1:colcon.colcon_core.package_identification:_identify(build) ignored
[0.172s] Level 1:colcon.colcon_core.package_identification:_identify(install) by extensions ['ignore', 'ignore_ament_install']
[0.172s] Level 1:colcon.colcon_core.package_identification:_identify(install) by extension 'ignore'
[0.172s] Level 1:colcon.colcon_core.package_identification:_identify(install) ignored
[0.172s] Level 1:colcon.colcon_core.package_identification:_identify(log) by extensions ['ignore', 'ignore_ament_install']
[0.172s] Level 1:colcon.colcon_core.package_identification:_identify(log) by extension 'ignore'
[0.172s] Level 1:colcon.colcon_core.package_identification:_identify(log) ignored
[0.172s] Level 1:colcon.colcon_core.package_identification:_identify(src) by extensions ['ignore', 'ignore_ament_install']
[0.172s] Level 1:colcon.colcon_core.package_identification:_identify(src) by extension 'ignore'
[0.172s] Level 1:colcon.colcon_core.package_identification:_identify(src) by extension 'ignore_ament_install'
[0.172s] Level 1:colcon.colcon_core.package_identification:_identify(src) by extensions ['colcon_pkg']
[0.172s] Level 1:colcon.colcon_core.package_identification:_identify(src) by extension 'colcon_pkg'
[0.172s] Level 1:colcon.colcon_core.package_identification:_identify(src) by extensions ['colcon_meta']
[0.172s] Level 1:colcon.colcon_core.package_identification:_identify(src) by extension 'colcon_meta'
[0.172s] Level 1:colcon.colcon_core.package_identification:_identify(src) by extensions ['ros']
[0.172s] Level 1:colcon.colcon_core.package_identification:_identify(src) by extension 'ros'
[0.172s] Level 1:colcon.colcon_core.package_identification:_identify(src) by extensions ['cmake', 'python']
[0.172s] Level 1:colcon.colcon_core.package_identification:_identify(src) by extension 'cmake'
[0.172s] Level 1:colcon.colcon_core.package_identification:_identify(src) by extension 'python'
[0.173s] Level 1:colcon.colcon_core.package_identification:_identify(src) by extensions ['python_setup_py']
[0.173s] Level 1:colcon.colcon_core.package_identification:_identify(src) by extension 'python_setup_py'
[0.173s] Level 1:colcon.colcon_core.package_identification:_identify(src/turtlebot3_simulations) by extensions ['ignore', 'ignore_ament_install']
[0.173s] Level 1:colcon.colcon_core.package_identification:_identify(src/turtlebot3_simulations) by extension 'ignore'
[0.173s] Level 1:colcon.colcon_core.package_identification:_identify(src/turtlebot3_simulations) by extension 'ignore_ament_install'
[0.173s] Level 1:colcon.colcon_core.package_identification:_identify(src/turtlebot3_simulations) by extensions ['colcon_pkg']
[0.173s] Level 1:colcon.colcon_core.package_identification:_identify(src/turtlebot3_simulations) by extension 'colcon_pkg'
[0.173s] Level 1:colcon.colcon_core.package_identification:_identify(src/turtlebot3_simulations) by extensions ['colcon_meta']
[0.173s] Level 1:colcon.colcon_core.package_identification:_identify(src/turtlebot3_simulations) by extension 'colcon_meta'
[0.173s] Level 1:colcon.colcon_core.package_identification:_identify(src/turtlebot3_simulations) by extensions ['ros']
[0.173s] Level 1:colcon.colcon_core.package_identification:_identify(src/turtlebot3_simulations) by extension 'ros'
[0.173s] Level 1:colcon.colcon_core.package_identification:_identify(src/turtlebot3_simulations) by extensions ['cmake', 'python']
[0.173s] Level 1:colcon.colcon_core.package_identification:_identify(src/turtlebot3_simulations) by extension 'cmake'
[0.173s] Level 1:colcon.colcon_core.package_identification:_identify(src/turtlebot3_simulations) by extension 'python'
[0.173s] Level 1:colcon.colcon_core.package_identification:_identify(src/turtlebot3_simulations) by extensions ['python_setup_py']
[0.173s] Level 1:colcon.colcon_core.package_identification:_identify(src/turtlebot3_simulations) by extension 'python_setup_py'
[0.173s] Level 1:colcon.colcon_core.package_identification:_identify(src/turtlebot3_simulations/turtlebot3_fake_node) by extensions ['ignore', 'ignore_ament_install']
[0.173s] Level 1:colcon.colcon_core.package_identification:_identify(src/turtlebot3_simulations/turtlebot3_fake_node) by extension 'ignore'
[0.173s] Level 1:colcon.colcon_core.package_identification:_identify(src/turtlebot3_simulations/turtlebot3_fake_node) by extension 'ignore_ament_install'
[0.173s] Level 1:colcon.colcon_core.package_identification:_identify(src/turtlebot3_simulations/turtlebot3_fake_node) by extensions ['colcon_pkg']
[0.173s] Level 1:colcon.colcon_core.package_identification:_identify(src/turtlebot3_simulations/turtlebot3_fake_node) by extension 'colcon_pkg'
[0.173s] Level 1:colcon.colcon_core.package_identification:_identify(src/turtlebot3_simulations/turtlebot3_fake_node) by extensions ['colcon_meta']
[0.173s] Level 1:colcon.colcon_core.package_identification:_identify(src/turtlebot3_simulations/turtlebot3_fake_node) by extension 'colcon_meta'
[0.173s] Level 1:colcon.colcon_core.package_identification:_identify(src/turtlebot3_simulations/turtlebot3_fake_node) by extensions ['ros']
[0.173s] Level 1:colcon.colcon_core.package_identification:_identify(src/turtlebot3_simulations/turtlebot3_fake_node) by extension 'ros'
[0.175s] DEBUG:colcon.colcon_core.package_identification:Package 'src/turtlebot3_simulations/turtlebot3_fake_node' with type 'ros.ament_cmake' and name 'turtlebot3_fake_node'
[0.175s] Level 1:colcon.colcon_core.package_identification:_identify(src/turtlebot3_simulations/turtlebot3_gazebo) by extensions ['ignore', 'ignore_ament_install']
[0.175s] Level 1:colcon.colcon_core.package_identification:_identify(src/turtlebot3_simulations/turtlebot3_gazebo) by extension 'ignore'
[0.175s] Level 1:colcon.colcon_core.package_identification:_identify(src/turtlebot3_simulations/turtlebot3_gazebo) by extension 'ignore_ament_install'
[0.175s] Level 1:colcon.colcon_core.package_identification:_identify(src/turtlebot3_simulations/turtlebot3_gazebo) by extensions ['colcon_pkg']
[0.175s] Level 1:colcon.colcon_core.package_identification:_identify(src/turtlebot3_simulations/turtlebot3_gazebo) by extension 'colcon_pkg'
[0.175s] Level 1:colcon.colcon_core.package_identification:_identify(src/turtlebot3_simulations/turtlebot3_gazebo) by extensions ['colcon_meta']
[0.175s] Level 1:colcon.colcon_core.package_identification:_identify(src/turtlebot3_simulations/turtlebot3_gazebo) by extension 'colcon_meta'
[0.175s] Level 1:colcon.colcon_core.package_identification:_identify(src/turtlebot3_simulations/turtlebot3_gazebo) by extensions ['ros']
[0.175s] Level 1:colcon.colcon_core.package_identification:_identify(src/turtlebot3_simulations/turtlebot3_gazebo) by extension 'ros'
[0.176s] DEBUG:colcon.colcon_core.package_identification:Package 'src/turtlebot3_simulations/turtlebot3_gazebo' with type 'ros.ament_cmake' and name 'turtlebot3_gazebo'
[0.176s] Level 1:colcon.colcon_core.package_identification:_identify(src/turtlebot3_simulations/turtlebot3_simulations) by extensions ['ignore', 'ignore_ament_install']
[0.176s] Level 1:colcon.colcon_core.package_identification:_identify(src/turtlebot3_simulations/turtlebot3_simulations) by extension 'ignore'
[0.176s] Level 1:colcon.colcon_core.package_identification:_identify(src/turtlebot3_simulations/turtlebot3_simulations) by extension 'ignore_ament_install'
[0.176s] Level 1:colcon.colcon_core.package_identification:_identify(src/turtlebot3_simulations/turtlebot3_simulations) by extensions ['colcon_pkg']
[0.176s] Level 1:colcon.colcon_core.package_identification:_identify(src/turtlebot3_simulations/turtlebot3_simulations) by extension 'colcon_pkg'
[0.176s] Level 1:colcon.colcon_core.package_identification:_identify(src/turtlebot3_simulations/turtlebot3_simulations) by extensions ['colcon_meta']
[0.176s] Level 1:colcon.colcon_core.package_identification:_identify(src/turtlebot3_simulations/turtlebot3_simulations) by extension 'colcon_meta'
[0.176s] Level 1:colcon.colcon_core.package_identification:_identify(src/turtlebot3_simulations/turtlebot3_simulations) by extensions ['ros']
[0.176s] Level 1:colcon.colcon_core.package_identification:_identify(src/turtlebot3_simulations/turtlebot3_simulations) by extension 'ros'
[0.177s] DEBUG:colcon.colcon_core.package_identification:Package 'src/turtlebot3_simulations/turtlebot3_simulations' with type 'ros.ament_cmake' and name 'turtlebot3_simulations'
[0.177s] Level 1:colcon.colcon_core.package_discovery:discover_packages(recursive) using defaults
[0.177s] Level 1:colcon.colcon_core.package_discovery:discover_packages(ignore) discover
[0.177s] Level 1:colcon.colcon_core.package_discovery:discover_packages(ignore) using defaults
[0.177s] Level 1:colcon.colcon_core.package_discovery:discover_packages(path) discover
[0.177s] Level 1:colcon.colcon_core.package_discovery:discover_packages(path) using defaults
[0.196s] Level 1:colcon.colcon_core.package_discovery:discover_packages(prefix_path) check parameters
[0.197s] Level 1:colcon.colcon_core.package_discovery:discover_packages(prefix_path) discover
[0.198s] DEBUG:colcon.colcon_installed_package_information.package_discovery:Found 425 installed packages in /opt/ros/humble
[0.199s] Level 1:colcon.colcon_core.package_discovery:discover_packages(prefix_path) using defaults
[0.230s] Level 5:colcon.colcon_core.verb:set package 'turtlebot3_fake_node' build argument 'cmake_args' from command line to 'None'
[0.230s] Level 5:colcon.colcon_core.verb:set package 'turtlebot3_fake_node' build argument 'cmake_target' from command line to 'None'
[0.230s] Level 5:colcon.colcon_core.verb:set package 'turtlebot3_fake_node' build argument 'cmake_target_skip_unavailable' from command line to 'False'
[0.230s] Level 5:colcon.colcon_core.verb:set package 'turtlebot3_fake_node' build argument 'cmake_clean_cache' from command line to 'False'
[0.230s] Level 5:colcon.colcon_core.verb:set package 'turtlebot3_fake_node' build argument 'cmake_clean_first' from command line to 'False'
[0.230s] Level 5:colcon.colcon_core.verb:set package 'turtlebot3_fake_node' build argument 'cmake_force_configure' from command line to 'False'
[0.230s] Level 5:colcon.colcon_core.verb:set package 'turtlebot3_fake_node' build argument 'ament_cmake_args' from command line to 'None'
[0.230s] Level 5:colcon.colcon_core.verb:set package 'turtlebot3_fake_node' build argument 'catkin_cmake_args' from command line to 'None'
[0.230s] Level 5:colcon.colcon_core.verb:set package 'turtlebot3_fake_node' build argument 'catkin_skip_building_tests' from command line to 'False'
[0.230s] DEBUG:colcon.colcon_core.verb:Building package 'turtlebot3_fake_node' with the following arguments: {'ament_cmake_args': None, 'build_base': '/home/lordzeus/turtlebot3_ws/build/turtlebot3_fake_node', 'catkin_cmake_args': None, 'catkin_skip_building_tests': False, 'cmake_args': None, 'cmake_clean_cache': False, 'cmake_clean_first': False, 'cmake_force_configure': False, 'cmake_target': None, 'cmake_target_skip_unavailable': False, 'install_base': '/home/lordzeus/turtlebot3_ws/install/turtlebot3_fake_node', 'merge_install': False, 'path': '/home/lordzeus/turtlebot3_ws/src/turtlebot3_simulations/turtlebot3_fake_node', 'symlink_install': True, 'test_result_base': None}
[0.230s] Level 5:colcon.colcon_core.verb:set package 'turtlebot3_gazebo' build argument 'cmake_args' from command line to 'None'
[0.230s] Level 5:colcon.colcon_core.verb:set package 'turtlebot3_gazebo' build argument 'cmake_target' from command line to 'None'
[0.230s] Level 5:colcon.colcon_core.verb:set package 'turtlebot3_gazebo' build argument 'cmake_target_skip_unavailable' from command line to 'False'
[0.230s] Level 5:colcon.colcon_core.verb:set package 'turtlebot3_gazebo' build argument 'cmake_clean_cache' from command line to 'False'
[0.230s] Level 5:colcon.colcon_core.verb:set package 'turtlebot3_gazebo' build argument 'cmake_clean_first' from command line to 'False'
[0.230s] Level 5:colcon.colcon_core.verb:set package 'turtlebot3_gazebo' build argument 'cmake_force_configure' from command line to 'False'
[0.230s] Level 5:colcon.colcon_core.verb:set package 'turtlebot3_gazebo' build argument 'ament_cmake_args' from command line to 'None'
[0.230s] Level 5:colcon.colcon_core.verb:set package 'turtlebot3_gazebo' build argument 'catkin_cmake_args' from command line to 'None'
[0.230s] Level 5:colcon.colcon_core.verb:set package 'turtlebot3_gazebo' build argument 'catkin_skip_building_tests' from command line to 'False'
[0.230s] DEBUG:colcon.colcon_core.verb:Building package 'turtlebot3_gazebo' with the following arguments: {'ament_cmake_args': None, 'build_base': '/home/lordzeus/turtlebot3_ws/build/turtlebot3_gazebo', 'catkin_cmake_args': None, 'catkin_skip_building_tests': False, 'cmake_args': None, 'cmake_clean_cache': False, 'cmake_clean_first': False, 'cmake_force_configure': False, 'cmake_target': None, 'cmake_target_skip_unavailable': False, 'install_base': '/home/lordzeus/turtlebot3_ws/install/turtlebot3_gazebo', 'merge_install': False, 'path': '/home/lordzeus/turtlebot3_ws/src/turtlebot3_simulations/turtlebot3_gazebo', 'symlink_install': True, 'test_result_base': None}
[0.230s] Level 5:colcon.colcon_core.verb:set package 'turtlebot3_simulations' build argument 'cmake_args' from command line to 'None'
[0.230s] Level 5:colcon.colcon_core.verb:set package 'turtlebot3_simulations' build argument 'cmake_target' from command line to 'None'
[0.231s] Level 5:colcon.colcon_core.verb:set package 'turtlebot3_simulations' build argument 'cmake_target_skip_unavailable' from command line to 'False'
[0.231s] Level 5:colcon.colcon_core.verb:set package 'turtlebot3_simulations' build argument 'cmake_clean_cache' from command line to 'False'
[0.231s] Level 5:colcon.colcon_core.verb:set package 'turtlebot3_simulations' build argument 'cmake_clean_first' from command line to 'False'
[0.231s] Level 5:colcon.colcon_core.verb:set package 'turtlebot3_simulations' build argument 'cmake_force_configure' from command line to 'False'
[0.231s] Level 5:colcon.colcon_core.verb:set package 'turtlebot3_simulations' build argument 'ament_cmake_args' from command line to 'None'
[0.231s] Level 5:colcon.colcon_core.verb:set package 'turtlebot3_simulations' build argument 'catkin_cmake_args' from command line to 'None'
[0.231s] Level 5:colcon.colcon_core.verb:set package 'turtlebot3_simulations' build argument 'catkin_skip_building_tests' from command line to 'False'
[0.231s] DEBUG:colcon.colcon_core.verb:Building package 'turtlebot3_simulations' with the following arguments: {'ament_cmake_args': None, 'build_base': '/home/lordzeus/turtlebot3_ws/build/turtlebot3_simulations', 'catkin_cmake_args': None, 'catkin_skip_building_tests': False, 'cmake_args': None, 'cmake_clean_cache': False, 'cmake_clean_first': False, 'cmake_force_configure': False, 'cmake_target': None, 'cmake_target_skip_unavailable': False, 'install_base': '/home/lordzeus/turtlebot3_ws/install/turtlebot3_simulations', 'merge_install': False, 'path': '/home/lordzeus/turtlebot3_ws/src/turtlebot3_simulations/turtlebot3_simulations', 'symlink_install': True, 'test_result_base': None}
[0.231s] INFO:colcon.colcon_core.executor:Executing jobs using 'parallel' executor
[0.231s] DEBUG:colcon.colcon_parallel_executor.executor.parallel:run_until_complete
[0.232s] INFO:colcon.colcon_ros.task.ament_cmake.build:Building ROS package in '/home/lordzeus/turtlebot3_ws/src/turtlebot3_simulations/turtlebot3_fake_node' with build type 'ament_cmake'
[0.232s] INFO:colcon.colcon_cmake.task.cmake.build:Building CMake package in '/home/lordzeus/turtlebot3_ws/src/turtlebot3_simulations/turtlebot3_fake_node'
[0.233s] INFO:colcon.colcon_core.plugin_system:Skipping extension 'colcon_core.shell.bat': Not used on non-Windows systems
[0.233s] INFO:colcon.colcon_core.shell:Skip shell extension 'powershell' for command environment: Not usable outside of PowerShell
[0.233s] DEBUG:colcon.colcon_core.shell:Skip shell extension 'dsv' for command environment
[0.235s] INFO:colcon.colcon_ros.task.ament_cmake.build:Building ROS package in '/home/lordzeus/turtlebot3_ws/src/turtlebot3_simulations/turtlebot3_gazebo' with build type 'ament_cmake'
[0.235s] INFO:colcon.colcon_cmake.task.cmake.build:Building CMake package in '/home/lordzeus/turtlebot3_ws/src/turtlebot3_simulations/turtlebot3_gazebo'
[0.235s] INFO:colcon.colcon_core.shell:Skip shell extension 'powershell' for command environment: Not usable outside of PowerShell
[0.235s] DEBUG:colcon.colcon_core.shell:Skip shell extension 'dsv' for command environment
[0.240s] DEBUG:colcon.colcon_core.event_handler.log_command:Invoking command in '/home/lordzeus/turtlebot3_ws/build/turtlebot3_fake_node': CMAKE_PREFIX_PATH=/opt/ros/humble /usr/bin/cmake /home/lordzeus/turtlebot3_ws/src/turtlebot3_simulations/turtlebot3_fake_node -DAMENT_CMAKE_SYMLINK_INSTALL=1 -DCMAKE_INSTALL_PREFIX=/home/lordzeus/turtlebot3_ws/install/turtlebot3_fake_node
[0.241s] DEBUG:colcon.colcon_core.event_handler.log_command:Invoking command in '/home/lordzeus/turtlebot3_ws/build/turtlebot3_gazebo': CMAKE_PREFIX_PATH=/opt/ros/humble /usr/bin/cmake /home/lordzeus/turtlebot3_ws/src/turtlebot3_simulations/turtlebot3_gazebo -DAMENT_CMAKE_SYMLINK_INSTALL=1 -DCMAKE_INSTALL_PREFIX=/home/lordzeus/turtlebot3_ws/install/turtlebot3_gazebo
[1.211s] DEBUG:colcon.colcon_core.event_handler.log_command:Invoked command in '/home/lordzeus/turtlebot3_ws/build/turtlebot3_fake_node' returned '0': CMAKE_PREFIX_PATH=/opt/ros/humble /usr/bin/cmake /home/lordzeus/turtlebot3_ws/src/turtlebot3_simulations/turtlebot3_fake_node -DAMENT_CMAKE_SYMLINK_INSTALL=1 -DCMAKE_INSTALL_PREFIX=/home/lordzeus/turtlebot3_ws/install/turtlebot3_fake_node
[1.213s] DEBUG:colcon.colcon_core.event_handler.log_command:Invoking command in '/home/lordzeus/turtlebot3_ws/build/turtlebot3_fake_node': CMAKE_PREFIX_PATH=/opt/ros/humble /usr/bin/cmake --build /home/lordzeus/turtlebot3_ws/build/turtlebot3_fake_node -- -j12 -l12
[1.686s] DEBUG:colcon.colcon_core.event_handler.log_command:Invoked command in '/home/lordzeus/turtlebot3_ws/build/turtlebot3_gazebo' returned '0': CMAKE_PREFIX_PATH=/opt/ros/humble /usr/bin/cmake /home/lordzeus/turtlebot3_ws/src/turtlebot3_simulations/turtlebot3_gazebo -DAMENT_CMAKE_SYMLINK_INSTALL=1 -DCMAKE_INSTALL_PREFIX=/home/lordzeus/turtlebot3_ws/install/turtlebot3_gazebo
[1.686s] DEBUG:colcon.colcon_core.event_handler.log_command:Invoking command in '/home/lordzeus/turtlebot3_ws/build/turtlebot3_gazebo': CMAKE_PREFIX_PATH=/opt/ros/humble /usr/bin/cmake --build /home/lordzeus/turtlebot3_ws/build/turtlebot3_gazebo -- -j12 -l12
[8.625s] DEBUG:colcon.colcon_core.event_handler.log_command:Invoked command in '/home/lordzeus/turtlebot3_ws/build/turtlebot3_fake_node' returned '0': CMAKE_PREFIX_PATH=/opt/ros/humble /usr/bin/cmake --build /home/lordzeus/turtlebot3_ws/build/turtlebot3_fake_node -- -j12 -l12
[8.648s] DEBUG:colcon.colcon_core.event_handler.log_command:Invoking command in '/home/lordzeus/turtlebot3_ws/build/turtlebot3_fake_node': CMAKE_PREFIX_PATH=/opt/ros/humble /usr/bin/cmake --install /home/lordzeus/turtlebot3_ws/build/turtlebot3_fake_node
[8.803s] Level 1:colcon.colcon_core.environment:create_environment_scripts_only(turtlebot3_fake_node)
[8.804s] DEBUG:colcon.colcon_core.event_handler.log_command:Invoked command in '/home/lordzeus/turtlebot3_ws/build/turtlebot3_fake_node' returned '0': CMAKE_PREFIX_PATH=/opt/ros/humble /usr/bin/cmake --install /home/lordzeus/turtlebot3_ws/build/turtlebot3_fake_node
[8.806s] Level 1:colcon.colcon_core.environment:checking '/home/lordzeus/turtlebot3_ws/install/turtlebot3_fake_node' for CMake module files
[8.806s] Level 1:colcon.colcon_core.environment:checking '/home/lordzeus/turtlebot3_ws/install/turtlebot3_fake_node' for CMake config files
[8.807s] Level 1:colcon.colcon_core.shell:create_environment_hook('turtlebot3_fake_node', 'cmake_prefix_path')
[8.807s] INFO:colcon.colcon_core.shell:Creating environment hook '/home/lordzeus/turtlebot3_ws/install/turtlebot3_fake_node/share/turtlebot3_fake_node/hook/cmake_prefix_path.ps1'
[8.807s] INFO:colcon.colcon_core.shell:Creating environment descriptor '/home/lordzeus/turtlebot3_ws/install/turtlebot3_fake_node/share/turtlebot3_fake_node/hook/cmake_prefix_path.dsv'
[8.808s] INFO:colcon.colcon_core.shell:Creating environment hook '/home/lordzeus/turtlebot3_ws/install/turtlebot3_fake_node/share/turtlebot3_fake_node/hook/cmake_prefix_path.sh'
[8.809s] Level 1:colcon.colcon_core.environment:checking '/home/lordzeus/turtlebot3_ws/install/turtlebot3_fake_node/lib'
[8.809s] Level 1:colcon.colcon_core.environment:checking '/home/lordzeus/turtlebot3_ws/install/turtlebot3_fake_node/bin'
[8.809s] Level 1:colcon.colcon_core.environment:checking '/home/lordzeus/turtlebot3_ws/install/turtlebot3_fake_node/lib/pkgconfig/turtlebot3_fake_node.pc'
[8.809s] Level 1:colcon.colcon_core.environment:checking '/home/lordzeus/turtlebot3_ws/install/turtlebot3_fake_node/lib/python3.10/site-packages'
[8.809s] Level 1:colcon.colcon_core.environment:checking '/home/lordzeus/turtlebot3_ws/install/turtlebot3_fake_node/bin'
[8.810s] INFO:colcon.colcon_core.shell:Creating package script '/home/lordzeus/turtlebot3_ws/install/turtlebot3_fake_node/share/turtlebot3_fake_node/package.ps1'
[8.811s] INFO:colcon.colcon_core.shell:Creating package descriptor '/home/lordzeus/turtlebot3_ws/install/turtlebot3_fake_node/share/turtlebot3_fake_node/package.dsv'
[8.811s] INFO:colcon.colcon_core.shell:Creating package script '/home/lordzeus/turtlebot3_ws/install/turtlebot3_fake_node/share/turtlebot3_fake_node/package.sh'
[8.812s] INFO:colcon.colcon_core.shell:Creating package script '/home/lordzeus/turtlebot3_ws/install/turtlebot3_fake_node/share/turtlebot3_fake_node/package.bash'
[8.813s] INFO:colcon.colcon_core.shell:Creating package script '/home/lordzeus/turtlebot3_ws/install/turtlebot3_fake_node/share/turtlebot3_fake_node/package.zsh'
[8.813s] Level 1:colcon.colcon_core.environment:create_file_with_runtime_dependencies(/home/lordzeus/turtlebot3_ws/install/turtlebot3_fake_node/share/colcon-core/packages/turtlebot3_fake_node)
[8.830s] Level 1:colcon.colcon_core.environment:create_environment_scripts_only(turtlebot3_fake_node)
[8.830s] Level 1:colcon.colcon_core.environment:checking '/home/lordzeus/turtlebot3_ws/install/turtlebot3_fake_node' for CMake module files
[8.830s] Level 1:colcon.colcon_core.environment:checking '/home/lordzeus/turtlebot3_ws/install/turtlebot3_fake_node' for CMake config files
[8.831s] Level 1:colcon.colcon_core.shell:create_environment_hook('turtlebot3_fake_node', 'cmake_prefix_path')
[8.831s] INFO:colcon.colcon_core.shell:Creating environment hook '/home/lordzeus/turtlebot3_ws/install/turtlebot3_fake_node/share/turtlebot3_fake_node/hook/cmake_prefix_path.ps1'
[8.831s] INFO:colcon.colcon_core.shell:Creating environment descriptor '/home/lordzeus/turtlebot3_ws/install/turtlebot3_fake_node/share/turtlebot3_fake_node/hook/cmake_prefix_path.dsv'
[8.832s] INFO:colcon.colcon_core.shell:Creating environment hook '/home/lordzeus/turtlebot3_ws/install/turtlebot3_fake_node/share/turtlebot3_fake_node/hook/cmake_prefix_path.sh'
[8.832s] Level 1:colcon.colcon_core.environment:checking '/home/lordzeus/turtlebot3_ws/install/turtlebot3_fake_node/lib'
[8.832s] Level 1:colcon.colcon_core.environment:checking '/home/lordzeus/turtlebot3_ws/install/turtlebot3_fake_node/bin'
[8.832s] Level 1:colcon.colcon_core.environment:checking '/home/lordzeus/turtlebot3_ws/install/turtlebot3_fake_node/lib/pkgconfig/turtlebot3_fake_node.pc'
[8.833s] Level 1:colcon.colcon_core.environment:checking '/home/lordzeus/turtlebot3_ws/install/turtlebot3_fake_node/lib/python3.10/site-packages'
[8.833s] Level 1:colcon.colcon_core.environment:checking '/home/lordzeus/turtlebot3_ws/install/turtlebot3_fake_node/bin'
[8.833s] INFO:colcon.colcon_core.shell:Creating package script '/home/lordzeus/turtlebot3_ws/install/turtlebot3_fake_node/share/turtlebot3_fake_node/package.ps1'
[8.834s] INFO:colcon.colcon_core.shell:Creating package descriptor '/home/lordzeus/turtlebot3_ws/install/turtlebot3_fake_node/share/turtlebot3_fake_node/package.dsv'
[8.834s] INFO:colcon.colcon_core.shell:Creating package script '/home/lordzeus/turtlebot3_ws/install/turtlebot3_fake_node/share/turtlebot3_fake_node/package.sh'
[8.834s] INFO:colcon.colcon_core.shell:Creating package script '/home/lordzeus/turtlebot3_ws/install/turtlebot3_fake_node/share/turtlebot3_fake_node/package.bash'
[8.835s] INFO:colcon.colcon_core.shell:Creating package script '/home/lordzeus/turtlebot3_ws/install/turtlebot3_fake_node/share/turtlebot3_fake_node/package.zsh'
[8.835s] Level 1:colcon.colcon_core.environment:create_file_with_runtime_dependencies(/home/lordzeus/turtlebot3_ws/install/turtlebot3_fake_node/share/colcon-core/packages/turtlebot3_fake_node)
[10.768s] DEBUG:colcon.colcon_core.event_handler.log_command:Invoked command in '/home/lordzeus/turtlebot3_ws/build/turtlebot3_gazebo' returned '0': CMAKE_PREFIX_PATH=/opt/ros/humble /usr/bin/cmake --build /home/lordzeus/turtlebot3_ws/build/turtlebot3_gazebo -- -j12 -l12
[10.789s] DEBUG:colcon.colcon_core.event_handler.log_command:Invoking command in '/home/lordzeus/turtlebot3_ws/build/turtlebot3_gazebo': CMAKE_PREFIX_PATH=/opt/ros/humble /usr/bin/cmake --install /home/lordzeus/turtlebot3_ws/build/turtlebot3_gazebo
[11.197s] Level 1:colcon.colcon_core.environment:create_environment_scripts_only(turtlebot3_gazebo)
[11.198s] Level 1:colcon.colcon_core.environment:checking '/home/lordzeus/turtlebot3_ws/install/turtlebot3_gazebo' for CMake module files
[11.198s] DEBUG:colcon.colcon_core.event_handler.log_command:Invoked command in '/home/lordzeus/turtlebot3_ws/build/turtlebot3_gazebo' returned '0': CMAKE_PREFIX_PATH=/opt/ros/humble /usr/bin/cmake --install /home/lordzeus/turtlebot3_ws/build/turtlebot3_gazebo
[11.198s] Level 1:colcon.colcon_core.environment:checking '/home/lordzeus/turtlebot3_ws/install/turtlebot3_gazebo' for CMake config files
[11.198s] Level 1:colcon.colcon_core.shell:create_environment_hook('turtlebot3_gazebo', 'cmake_prefix_path')
[11.199s] INFO:colcon.colcon_core.shell:Creating environment hook '/home/lordzeus/turtlebot3_ws/install/turtlebot3_gazebo/share/turtlebot3_gazebo/hook/cmake_prefix_path.ps1'
[11.199s] INFO:colcon.colcon_core.shell:Creating environment descriptor '/home/lordzeus/turtlebot3_ws/install/turtlebot3_gazebo/share/turtlebot3_gazebo/hook/cmake_prefix_path.dsv'
[11.199s] INFO:colcon.colcon_core.shell:Creating environment hook '/home/lordzeus/turtlebot3_ws/install/turtlebot3_gazebo/share/turtlebot3_gazebo/hook/cmake_prefix_path.sh'
[11.199s] Level 1:colcon.colcon_core.environment:checking '/home/lordzeus/turtlebot3_ws/install/turtlebot3_gazebo/lib'
[11.199s] Level 1:colcon.colcon_core.environment:checking '/home/lordzeus/turtlebot3_ws/install/turtlebot3_gazebo/bin'
[11.199s] Level 1:colcon.colcon_core.environment:checking '/home/lordzeus/turtlebot3_ws/install/turtlebot3_gazebo/lib/pkgconfig/turtlebot3_gazebo.pc'
[11.200s] Level 1:colcon.colcon_core.environment:checking '/home/lordzeus/turtlebot3_ws/install/turtlebot3_gazebo/lib/python3.10/site-packages'
[11.200s] Level 1:colcon.colcon_core.environment:checking '/home/lordzeus/turtlebot3_ws/install/turtlebot3_gazebo/bin'
[11.200s] INFO:colcon.colcon_core.shell:Creating package script '/home/lordzeus/turtlebot3_ws/install/turtlebot3_gazebo/share/turtlebot3_gazebo/package.ps1'
[11.200s] INFO:colcon.colcon_core.shell:Creating package descriptor '/home/lordzeus/turtlebot3_ws/install/turtlebot3_gazebo/share/turtlebot3_gazebo/package.dsv'
[11.200s] INFO:colcon.colcon_core.shell:Creating package script '/home/lordzeus/turtlebot3_ws/install/turtlebot3_gazebo/share/turtlebot3_gazebo/package.sh'
[11.201s] INFO:colcon.colcon_core.shell:Creating package script '/home/lordzeus/turtlebot3_ws/install/turtlebot3_gazebo/share/turtlebot3_gazebo/package.bash'
[11.201s] INFO:colcon.colcon_core.shell:Creating package script '/home/lordzeus/turtlebot3_ws/install/turtlebot3_gazebo/share/turtlebot3_gazebo/package.zsh'
[11.201s] Level 1:colcon.colcon_core.environment:create_file_with_runtime_dependencies(/home/lordzeus/turtlebot3_ws/install/turtlebot3_gazebo/share/colcon-core/packages/turtlebot3_gazebo)
[11.223s] Level 1:colcon.colcon_core.environment:create_environment_scripts_only(turtlebot3_gazebo)
[11.224s] Level 1:colcon.colcon_core.environment:checking '/home/lordzeus/turtlebot3_ws/install/turtlebot3_gazebo' for CMake module files
[11.224s] Level 1:colcon.colcon_core.environment:checking '/home/lordzeus/turtlebot3_ws/install/turtlebot3_gazebo' for CMake config files
[11.224s] Level 1:colcon.colcon_core.shell:create_environment_hook('turtlebot3_gazebo', 'cmake_prefix_path')
[11.224s] INFO:colcon.colcon_core.shell:Creating environment hook '/home/lordzeus/turtlebot3_ws/install/turtlebot3_gazebo/share/turtlebot3_gazebo/hook/cmake_prefix_path.ps1'
[11.224s] INFO:colcon.colcon_core.shell:Creating environment descriptor '/home/lordzeus/turtlebot3_ws/install/turtlebot3_gazebo/share/turtlebot3_gazebo/hook/cmake_prefix_path.dsv'
[11.225s] INFO:colcon.colcon_core.shell:Creating environment hook '/home/lordzeus/turtlebot3_ws/install/turtlebot3_gazebo/share/turtlebot3_gazebo/hook/cmake_prefix_path.sh'
[11.225s] Level 1:colcon.colcon_core.environment:checking '/home/lordzeus/turtlebot3_ws/install/turtlebot3_gazebo/lib'
[11.225s] Level 1:colcon.colcon_core.environment:checking '/home/lordzeus/turtlebot3_ws/install/turtlebot3_gazebo/bin'
[11.225s] Level 1:colcon.colcon_core.environment:checking '/home/lordzeus/turtlebot3_ws/install/turtlebot3_gazebo/lib/pkgconfig/turtlebot3_gazebo.pc'
[11.225s] Level 1:colcon.colcon_core.environment:checking '/home/lordzeus/turtlebot3_ws/install/turtlebot3_gazebo/lib/python3.10/site-packages'
[11.225s] Level 1:colcon.colcon_core.environment:checking '/home/lordzeus/turtlebot3_ws/install/turtlebot3_gazebo/bin'
[11.226s] INFO:colcon.colcon_core.shell:Creating package script '/home/lordzeus/turtlebot3_ws/install/turtlebot3_gazebo/share/turtlebot3_gazebo/package.ps1'
[11.226s] INFO:colcon.colcon_core.shell:Creating package descriptor '/home/lordzeus/turtlebot3_ws/install/turtlebot3_gazebo/share/turtlebot3_gazebo/package.dsv'
[11.226s] INFO:colcon.colcon_core.shell:Creating package script '/home/lordzeus/turtlebot3_ws/install/turtlebot3_gazebo/share/turtlebot3_gazebo/package.sh'
[11.226s] INFO:colcon.colcon_core.shell:Creating package script '/home/lordzeus/turtlebot3_ws/install/turtlebot3_gazebo/share/turtlebot3_gazebo/package.bash'
[11.227s] INFO:colcon.colcon_core.shell:Creating package script '/home/lordzeus/turtlebot3_ws/install/turtlebot3_gazebo/share/turtlebot3_gazebo/package.zsh'
[11.227s] Level 1:colcon.colcon_core.environment:create_file_with_runtime_dependencies(/home/lordzeus/turtlebot3_ws/install/turtlebot3_gazebo/share/colcon-core/packages/turtlebot3_gazebo)
[11.227s] INFO:colcon.colcon_ros.task.ament_cmake.build:Building ROS package in '/home/lordzeus/turtlebot3_ws/src/turtlebot3_simulations/turtlebot3_simulations' with build type 'ament_cmake'
[11.227s] INFO:colcon.colcon_cmake.task.cmake.build:Building CMake package in '/home/lordzeus/turtlebot3_ws/src/turtlebot3_simulations/turtlebot3_simulations'
[11.227s] INFO:colcon.colcon_core.shell:Skip shell extension 'powershell' for command environment: Not usable outside of PowerShell
[11.227s] DEBUG:colcon.colcon_core.shell:Skip shell extension 'dsv' for command environment
[11.233s] DEBUG:colcon.colcon_core.event_handler.log_command:Invoking command in '/home/lordzeus/turtlebot3_ws/build/turtlebot3_simulations': AMENT_PREFIX_PATH=/home/lordzeus/turtlebot3_ws/install/turtlebot3_gazebo:/home/lordzeus/turtlebot3_ws/install/turtlebot3_fake_node:${AMENT_PREFIX_PATH} CMAKE_PREFIX_PATH=/home/lordzeus/turtlebot3_ws/install/turtlebot3_gazebo:/home/lordzeus/turtlebot3_ws/install/turtlebot3_fake_node:/opt/ros/humble /usr/bin/cmake /home/lordzeus/turtlebot3_ws/src/turtlebot3_simulations/turtlebot3_simulations -DAMENT_CMAKE_SYMLINK_INSTALL=1 -DCMAKE_INSTALL_PREFIX=/home/lordzeus/turtlebot3_ws/install/turtlebot3_simulations
[11.607s] DEBUG:colcon.colcon_core.event_handler.log_command:Invoked command in '/home/lordzeus/turtlebot3_ws/build/turtlebot3_simulations' returned '0': AMENT_PREFIX_PATH=/home/lordzeus/turtlebot3_ws/install/turtlebot3_gazebo:/home/lordzeus/turtlebot3_ws/install/turtlebot3_fake_node:${AMENT_PREFIX_PATH} CMAKE_PREFIX_PATH=/home/lordzeus/turtlebot3_ws/install/turtlebot3_gazebo:/home/lordzeus/turtlebot3_ws/install/turtlebot3_fake_node:/opt/ros/humble /usr/bin/cmake /home/lordzeus/turtlebot3_ws/src/turtlebot3_simulations/turtlebot3_simulations -DAMENT_CMAKE_SYMLINK_INSTALL=1 -DCMAKE_INSTALL_PREFIX=/home/lordzeus/turtlebot3_ws/install/turtlebot3_simulations
[11.608s] DEBUG:colcon.colcon_core.event_handler.log_command:Invoking command in '/home/lordzeus/turtlebot3_ws/build/turtlebot3_simulations': AMENT_PREFIX_PATH=/home/lordzeus/turtlebot3_ws/install/turtlebot3_gazebo:/home/lordzeus/turtlebot3_ws/install/turtlebot3_fake_node:${AMENT_PREFIX_PATH} CMAKE_PREFIX_PATH=/home/lordzeus/turtlebot3_ws/install/turtlebot3_gazebo:/home/lordzeus/turtlebot3_ws/install/turtlebot3_fake_node:/opt/ros/humble /usr/bin/cmake --build /home/lordzeus/turtlebot3_ws/build/turtlebot3_simulations -- -j12 -l12
[11.632s] DEBUG:colcon.colcon_core.event_handler.log_command:Invoked command in '/home/lordzeus/turtlebot3_ws/build/turtlebot3_simulations' returned '0': AMENT_PREFIX_PATH=/home/lordzeus/turtlebot3_ws/install/turtlebot3_gazebo:/home/lordzeus/turtlebot3_ws/install/turtlebot3_fake_node:${AMENT_PREFIX_PATH} CMAKE_PREFIX_PATH=/home/lordzeus/turtlebot3_ws/install/turtlebot3_gazebo:/home/lordzeus/turtlebot3_ws/install/turtlebot3_fake_node:/opt/ros/humble /usr/bin/cmake --build /home/lordzeus/turtlebot3_ws/build/turtlebot3_simulations -- -j12 -l12
[11.650s] DEBUG:colcon.colcon_core.event_handler.log_command:Invoking command in '/home/lordzeus/turtlebot3_ws/build/turtlebot3_simulations': AMENT_PREFIX_PATH=/home/lordzeus/turtlebot3_ws/install/turtlebot3_gazebo:/home/lordzeus/turtlebot3_ws/install/turtlebot3_fake_node:${AMENT_PREFIX_PATH} CMAKE_PREFIX_PATH=/home/lordzeus/turtlebot3_ws/install/turtlebot3_gazebo:/home/lordzeus/turtlebot3_ws/install/turtlebot3_fake_node:/opt/ros/humble /usr/bin/cmake --install /home/lordzeus/turtlebot3_ws/build/turtlebot3_simulations
[11.740s] Level 1:colcon.colcon_core.environment:create_environment_scripts_only(turtlebot3_simulations)
[11.740s] Level 1:colcon.colcon_core.environment:checking '/home/lordzeus/turtlebot3_ws/install/turtlebot3_simulations' for CMake module files
[11.740s] DEBUG:colcon.colcon_core.event_handler.log_command:Invoked command in '/home/lordzeus/turtlebot3_ws/build/turtlebot3_simulations' returned '0': AMENT_PREFIX_PATH=/home/lordzeus/turtlebot3_ws/install/turtlebot3_gazebo:/home/lordzeus/turtlebot3_ws/install/turtlebot3_fake_node:${AMENT_PREFIX_PATH} CMAKE_PREFIX_PATH=/home/lordzeus/turtlebot3_ws/install/turtlebot3_gazebo:/home/lordzeus/turtlebot3_ws/install/turtlebot3_fake_node:/opt/ros/humble /usr/bin/cmake --install /home/lordzeus/turtlebot3_ws/build/turtlebot3_simulations
[11.741s] Level 1:colcon.colcon_core.environment:checking '/home/lordzeus/turtlebot3_ws/install/turtlebot3_simulations' for CMake config files
[11.741s] Level 1:colcon.colcon_core.shell:create_environment_hook('turtlebot3_simulations', 'cmake_prefix_path')
[11.741s] INFO:colcon.colcon_core.shell:Creating environment hook '/home/lordzeus/turtlebot3_ws/install/turtlebot3_simulations/share/turtlebot3_simulations/hook/cmake_prefix_path.ps1'
[11.741s] INFO:colcon.colcon_core.shell:Creating environment descriptor '/home/lordzeus/turtlebot3_ws/install/turtlebot3_simulations/share/turtlebot3_simulations/hook/cmake_prefix_path.dsv'
[11.741s] INFO:colcon.colcon_core.shell:Creating environment hook '/home/lordzeus/turtlebot3_ws/install/turtlebot3_simulations/share/turtlebot3_simulations/hook/cmake_prefix_path.sh'
[11.742s] Level 1:colcon.colcon_core.environment:checking '/home/lordzeus/turtlebot3_ws/install/turtlebot3_simulations/bin'
[11.742s] Level 1:colcon.colcon_core.environment:checking '/home/lordzeus/turtlebot3_ws/install/turtlebot3_simulations/lib/pkgconfig/turtlebot3_simulations.pc'
[11.742s] Level 1:colcon.colcon_core.environment:checking '/home/lordzeus/turtlebot3_ws/install/turtlebot3_simulations/lib/python3.10/site-packages'
[11.742s] Level 1:colcon.colcon_core.environment:checking '/home/lordzeus/turtlebot3_ws/install/turtlebot3_simulations/bin'
[11.742s] INFO:colcon.colcon_core.shell:Creating package script '/home/lordzeus/turtlebot3_ws/install/turtlebot3_simulations/share/turtlebot3_simulations/package.ps1'
[11.743s] INFO:colcon.colcon_core.shell:Creating package descriptor '/home/lordzeus/turtlebot3_ws/install/turtlebot3_simulations/share/turtlebot3_simulations/package.dsv'
[11.743s] INFO:colcon.colcon_core.shell:Creating package script '/home/lordzeus/turtlebot3_ws/install/turtlebot3_simulations/share/turtlebot3_simulations/package.sh'
[11.743s] INFO:colcon.colcon_core.shell:Creating package script '/home/lordzeus/turtlebot3_ws/install/turtlebot3_simulations/share/turtlebot3_simulations/package.bash'
[11.743s] INFO:colcon.colcon_core.shell:Creating package script '/home/lordzeus/turtlebot3_ws/install/turtlebot3_simulations/share/turtlebot3_simulations/package.zsh'
[11.743s] Level 1:colcon.colcon_core.environment:create_file_with_runtime_dependencies(/home/lordzeus/turtlebot3_ws/install/turtlebot3_simulations/share/colcon-core/packages/turtlebot3_simulations)
[11.761s] Level 1:colcon.colcon_core.environment:create_environment_scripts_only(turtlebot3_simulations)
[11.761s] Level 1:colcon.colcon_core.environment:checking '/home/lordzeus/turtlebot3_ws/install/turtlebot3_simulations' for CMake module files
[11.761s] Level 1:colcon.colcon_core.environment:checking '/home/lordzeus/turtlebot3_ws/install/turtlebot3_simulations' for CMake config files
[11.761s] Level 1:colcon.colcon_core.shell:create_environment_hook('turtlebot3_simulations', 'cmake_prefix_path')
[11.761s] INFO:colcon.colcon_core.shell:Creating environment hook '/home/lordzeus/turtlebot3_ws/install/turtlebot3_simulations/share/turtlebot3_simulations/hook/cmake_prefix_path.ps1'
[11.762s] INFO:colcon.colcon_core.shell:Creating environment descriptor '/home/lordzeus/turtlebot3_ws/install/turtlebot3_simulations/share/turtlebot3_simulations/hook/cmake_prefix_path.dsv'
[11.762s] INFO:colcon.colcon_core.shell:Creating environment hook '/home/lordzeus/turtlebot3_ws/install/turtlebot3_simulations/share/turtlebot3_simulations/hook/cmake_prefix_path.sh'
[11.762s] Level 1:colcon.colcon_core.environment:checking '/home/lordzeus/turtlebot3_ws/install/turtlebot3_simulations/bin'
[11.762s] Level 1:colcon.colcon_core.environment:checking '/home/lordzeus/turtlebot3_ws/install/turtlebot3_simulations/lib/pkgconfig/turtlebot3_simulations.pc'
[11.763s] Level 1:colcon.colcon_core.environment:checking '/home/lordzeus/turtlebot3_ws/install/turtlebot3_simulations/lib/python3.10/site-packages'
[11.763s] Level 1:colcon.colcon_core.environment:checking '/home/lordzeus/turtlebot3_ws/install/turtlebot3_simulations/bin'
[11.763s] INFO:colcon.colcon_core.shell:Creating package script '/home/lordzeus/turtlebot3_ws/install/turtlebot3_simulations/share/turtlebot3_simulations/package.ps1'
[11.763s] INFO:colcon.colcon_core.shell:Creating package descriptor '/home/lordzeus/turtlebot3_ws/install/turtlebot3_simulations/share/turtlebot3_simulations/package.dsv'
[11.764s] INFO:colcon.colcon_core.shell:Creating package script '/home/lordzeus/turtlebot3_ws/install/turtlebot3_simulations/share/turtlebot3_simulations/package.sh'
[11.764s] INFO:colcon.colcon_core.shell:Creating package script '/home/lordzeus/turtlebot3_ws/install/turtlebot3_simulations/share/turtlebot3_simulations/package.bash'
[11.764s] INFO:colcon.colcon_core.shell:Creating package script '/home/lordzeus/turtlebot3_ws/install/turtlebot3_simulations/share/turtlebot3_simulations/package.zsh'
[11.764s] Level 1:colcon.colcon_core.environment:create_file_with_runtime_dependencies(/home/lordzeus/turtlebot3_ws/install/turtlebot3_simulations/share/colcon-core/packages/turtlebot3_simulations)
[11.765s] DEBUG:colcon.colcon_parallel_executor.executor.parallel:closing loop
[11.765s] DEBUG:colcon.colcon_parallel_executor.executor.parallel:loop closed
[11.765s] DEBUG:colcon.colcon_parallel_executor.executor.parallel:run_until_complete finished with '0'
[11.765s] DEBUG:colcon.colcon_core.event_reactor:joining thread
[11.768s] INFO:colcon.colcon_core.plugin_system:Skipping extension 'colcon_notification.desktop_notification.terminal_notifier': Not used on non-Darwin systems
[11.768s] INFO:colcon.colcon_core.plugin_system:Skipping extension 'colcon_notification.desktop_notification.win32': Not used on non-Windows systems
[11.768s] INFO:colcon.colcon_notification.desktop_notification:Sending desktop notification using 'notify2'
[11.780s] DEBUG:colcon.colcon_core.event_reactor:joined thread
[11.780s] INFO:colcon.colcon_core.shell:Creating prefix script '/home/lordzeus/turtlebot3_ws/install/local_setup.ps1'
[11.781s] INFO:colcon.colcon_core.shell:Creating prefix util module '/home/lordzeus/turtlebot3_ws/install/_local_setup_util_ps1.py'
[11.782s] INFO:colcon.colcon_core.shell:Creating prefix chain script '/home/lordzeus/turtlebot3_ws/install/setup.ps1'
[11.782s] INFO:colcon.colcon_core.shell:Creating prefix script '/home/lordzeus/turtlebot3_ws/install/local_setup.sh'
[11.783s] INFO:colcon.colcon_core.shell:Creating prefix util module '/home/lordzeus/turtlebot3_ws/install/_local_setup_util_sh.py'
[11.783s] INFO:colcon.colcon_core.shell:Creating prefix chain script '/home/lordzeus/turtlebot3_ws/install/setup.sh'
[11.784s] INFO:colcon.colcon_core.shell:Creating prefix script '/home/lordzeus/turtlebot3_ws/install/local_setup.bash'
[11.784s] INFO:colcon.colcon_core.shell:Creating prefix chain script '/home/lordzeus/turtlebot3_ws/install/setup.bash'
[11.785s] INFO:colcon.colcon_core.shell:Creating prefix script '/home/lordzeus/turtlebot3_ws/install/local_setup.zsh'
[11.785s] INFO:colcon.colcon_core.shell:Creating prefix chain script '/home/lordzeus/turtlebot3_ws/install/setup.zsh'
